# JRE version: Java(TM) SE Runtime Environment (8.0_65-b17) (build 1.8.0_65-b17)
# Java VM: Java HotSpot(TM) Client VM (25.65-b01 mixed mode windows-x86 )
Heap:
 def new generation   total 12736K, used 10882K [0x04800000, 0x055d0000, 0x09d50000)
  eden space 11328K,  93% used [0x04800000, 0x0525dd10, 0x05310000)
  from space 1408K,  18% used [0x05470000, 0x054b2b30, 0x055d0000)
  to   space 1408K,   0% used [0x05310000, 0x05310000, 0x05470000)
 tenured generation   total 28208K, used 22880K [0x09d50000, 0x0b8dc000, 0x14800000)
   the space 28208K,  81% used [0x09d50000, 0x0b3a83c8, 0x0b3a8400, 0x0b8dc000)
 Metaspace       used 31632K, capacity 32999K, committed 33024K, reserved 33152K
GC Heap History (10 events):
Event: 3938.740 GC heap before
{Heap before GC invocations=99 (full 3):
 def new generation   total 12736K, used 12401K [0x04800000, 0x055d0000, 0x09d50000)
  eden space 11328K, 100% used [0x04800000, 0x05310000, 0x05310000)
  from space 1408K,  76% used [0x05310000, 0x0541c4e8, 0x05470000)
  to   space 1408K,   0% used [0x05470000, 0x05470000, 0x055d0000)
 tenured generation   total 28208K, used 22318K [0x09d50000, 0x0b8dc000, 0x14800000)
   the space 28208K,  79% used [0x09d50000, 0x0b31b8c0, 0x0b31ba00, 0x0b8dc000)
 Metaspace       used 31627K, capacity 32989K, committed 33024K, reserved 33152K
Event: 3938.745 GC heap after
Heap after GC invocations=100 (full 3):
 def new generation   total 12736K, used 271K [0x04800000, 0x055d0000, 0x09d50000)
  eden space 11328K,   0% used [0x04800000, 0x04800000, 0x05310000)
  from space 1408K,  19% used [0x05470000, 0x054b3d80, 0x055d0000)
  to   space 1408K,   0% used [0x05310000, 0x05310000, 0x05470000)
 tenured generation   total 28208K, used 22880K [0x09d50000, 0x0b8dc000, 0x14800000)
   the space 28208K,  81% used [0x09d50000, 0x0b3a83c8, 0x0b3a8400, 0x0b8dc000)
 Metaspace       used 31627K, capacity 32989K, committed 33024K, reserved 33152K
}
Event: 4107.743 GC heap before
{Heap before GC invocations=100 (full 3):
 def new generation   total 12736K, used 11599K [0x04800000, 0x055d0000, 0x09d50000)
  eden space 11328K, 100% used [0x04800000, 0x05310000, 0x05310000)
  from space 1408K,  19% used [0x05470000, 0x054b3d80, 0x055d0000)
  to   space 1408K,   0% used [0x05310000, 0x05310000, 0x05470000)
 tenured generation   total 28208K, used 22880K [0x09d50000, 0x0b8dc000, 0x14800000)
   the space 28208K,  81% used [0x09d50000, 0x0b3a83c8, 0x0b3a8400, 0x0b8dc000)
 Metaspace       used 31627K, capacity 32989K, committed 33024K, reserved 33152K
Event: 4107.747 GC heap after
Heap after GC invocations=101 (full 3):
 def new generation   total 12736K, used 273K [0x04800000, 0x055d0000, 0x09d50000)
  eden space 11328K,   0% used [0x04800000, 0x04800000, 0x05310000)
  from space 1408K,  19% used [0x05310000, 0x05354568, 0x05470000)
  to   space 1408K,   0% used [0x05470000, 0x05470000, 0x055d0000)
 tenured generation   total 28208K, used 22880K [0x09d50000, 0x0b8dc000, 0x14800000)
   the space 28208K,  81% used [0x09d50000, 0x0b3a83c8, 0x0b3a8400, 0x0b8dc000)
 Metaspace       used 31627K, capacity 32989K, committed 33024K, reserved 33152K
}
Event: 4277.218 GC heap before
{Heap before GC invocations=101 (full 3):
 def new generation   total 12736K, used 11601K [0x04800000, 0x055d0000, 0x09d50000)
  eden space 11328K, 100% used [0x04800000, 0x05310000, 0x05310000)
  from space 1408K,  19% used [0x05310000, 0x05354568, 0x05470000)
  to   space 1408K,   0% used [0x05470000, 0x05470000, 0x055d0000)
 tenured generation   total 28208K, used 22880K [0x09d50000, 0x0b8dc000, 0x14800000)
   the space 28208K,  81% used [0x09d50000, 0x0b3a83c8, 0x0b3a8400, 0x0b8dc000)
 Metaspace       used 31627K, capacity 32989K, committed 33024K, reserved 33152K
Event: 4277.224 GC heap after
Heap after GC invocations=102 (full 3):
 def new generation   total 12736K, used 273K [0x04800000, 0x055d0000, 0x09d50000)
  eden space 11328K,   0% used [0x04800000, 0x04800000, 0x05310000)
  from space 1408K,  19% used [0x05470000, 0x054b4750, 0x055d0000)
  to   space 1408K,   0% used [0x05310000, 0x05310000, 0x05470000)
 tenured generation   total 28208K, used 22880K [0x09d50000, 0x0b8dc000, 0x14800000)
   the space 28208K,  81% used [0x09d50000, 0x0b3a83c8, 0x0b3a8400, 0x0b8dc000)
 Metaspace       used 31627K, capacity 32989K, committed 33024K, reserved 33152K
}
Event: 4445.444 GC heap before
{Heap before GC invocations=102 (full 3):
 def new generation   total 12736K, used 11601K [0x04800000, 0x055d0000, 0x09d50000)
  eden space 11328K, 100% used [0x04800000, 0x05310000, 0x05310000)
  from space 1408K,  19% used [0x05470000, 0x054b4750, 0x055d0000)
  to   space 1408K,   0% used [0x05310000, 0x05310000, 0x05470000)
 tenured generation   total 28208K, used 22880K [0x09d50000, 0x0b8dc000, 0x14800000)
   the space 28208K,  81% used [0x09d50000, 0x0b3a83c8, 0x0b3a8400, 0x0b8dc000)
 Metaspace       used 31627K, capacity 32989K, committed 33024K, reserved 33152K
Event: 4445.447 GC heap after
Heap after GC invocations=103 (full 3):
 def new generation   total 12736K, used 262K [0x04800000, 0x055d0000, 0x09d50000)
  eden space 11328K,   0% used [0x04800000, 0x04800000, 0x05310000)
  from space 1408K,  18% used [0x05310000, 0x05351b10, 0x05470000)
  to   space 1408K,   0% used [0x05470000, 0x05470000, 0x055d0000)
 tenured generation   total 28208K, used 22880K [0x09d50000, 0x0b8dc000, 0x14800000)
   the space 28208K,  81% used [0x09d50000, 0x0b3a83c8, 0x0b3a8400, 0x0b8dc000)
 Metaspace       used 31627K, capacity 32989K, committed 33024K, reserved 33152K
}
Event: 4614.951 GC heap before
{Heap before GC invocations=103 (full 3):
 def new generation   total 12736K, used 11590K [0x04800000, 0x055d0000, 0x09d50000)
  eden space 11328K, 100% used [0x04800000, 0x05310000, 0x05310000)
  from space 1408K,  18% used [0x05310000, 0x05351b10, 0x05470000)
  to   space 1408K,   0% used [0x05470000, 0x05470000, 0x055d0000)
 tenured generation   total 28208K, used 22880K [0x09d50000, 0x0b8dc000, 0x14800000)
   the space 28208K,  81% used [0x09d50000, 0x0b3a83c8, 0x0b3a8400, 0x0b8dc000)
 Metaspace       used 31627K, capacity 32989K, committed 33024K, reserved 33152K
Event: 4614.957 GC heap after
Heap after GC invocations=104 (full 3):
 def new generation   total 12736K, used 266K [0x04800000, 0x055d0000, 0x09d50000)
  eden space 11328K,   0% used [0x04800000, 0x04800000, 0x05310000)
  from space 1408K,  18% used [0x05470000, 0x054b2b30, 0x055d0000)
  to   space 1408K,   0% used [0x05310000, 0x05310000, 0x05470000)
 tenured generation   total 28208K, used 22880K [0x09d50000, 0x0b8dc000, 0x14800000)
   the space 28208K,  81% used [0x09d50000, 0x0b3a83c8, 0x0b3a8400, 0x0b8dc000)
 Metaspace       used 31627K, capacity 32989K, committed 33024K, reserved 33152K
}

